<?xml version="1.0" encoding="UTF-8" standalone="yes"?><!DOCTYPE report PUBLIC "-//JACOCO//DTD Report 1.1//EN" "report.dtd"><report name="tp3-balanced-strings"><sessioninfo id="marouane-Latitude-5490-3f5a1237" start="1670277688568" dump="1670277689399"/><package name="fr/istic/vv"><class name="fr/istic/vv/StringUtils" sourcefilename="StringUtils.java"><method name="&lt;init&gt;" desc="()V" line="5"><counter type="INSTRUCTION" missed="3" covered="0"/><counter type="LINE" missed="1" covered="0"/><counter type="COMPLEXITY" missed="1" covered="0"/><counter type="METHOD" missed="1" covered="0"/></method><method name="isBalanced" desc="(Ljava/lang/String;)Z" line="9"><counter type="INSTRUCTION" missed="7" covered="76"/><counter type="BRANCH" missed="4" covered="20"/><counter type="LINE" missed="3" covered="14"/><counter type="COMPLEXITY" missed="4" covered="9"/><counter type="METHOD" missed="0" covered="1"/></method><counter type="INSTRUCTION" missed="10" covered="76"/><counter type="BRANCH" missed="4" covered="20"/><counter type="LINE" missed="4" covered="14"/><counter type="COMPLEXITY" missed="5" covered="9"/><counter type="METHOD" missed="1" covered="1"/><counter type="CLASS" missed="0" covered="1"/></class><sourcefile name="StringUtils.java"><line nr="5" mi="3" ci="0" mb="0" cb="0"/><line nr="9" mi="0" ci="4" mb="0" cb="0"/><line nr="12" mi="0" ci="17" mb="0" cb="2"/><line nr="13" mi="0" ci="9" mb="0" cb="6"/><line nr="15" mi="0" ci="6" mb="0" cb="0"/><line nr="17" mi="0" ci="3" mb="1" cb="1"/><line nr="18" mi="2" ci="0" mb="0" cb="0"/><line nr="21" mi="0" ci="5" mb="0" cb="0"/><line nr="23" mi="0" ci="6" mb="0" cb="4"/><line nr="24" mi="0" ci="2" mb="0" cb="0"/><line nr="25" mi="0" ci="6" mb="1" cb="3"/><line nr="26" mi="2" ci="0" mb="0" cb="0"/><line nr="27" mi="0" ci="6" mb="1" cb="3"/><line nr="28" mi="2" ci="0" mb="0" cb="0"/><line nr="33" mi="1" ci="6" mb="1" cb="1"/><line nr="35" mi="0" ci="1" mb="0" cb="0"/><line nr="36" mi="0" ci="3" mb="0" cb="0"/><line nr="37" mi="0" ci="2" mb="0" cb="0"/><counter type="INSTRUCTION" missed="10" covered="76"/><counter type="BRANCH" missed="4" covered="20"/><counter type="LINE" missed="4" covered="14"/><counter type="COMPLEXITY" missed="5" covered="9"/><counter type="METHOD" missed="1" covered="1"/><counter type="CLASS" missed="0" covered="1"/></sourcefile><counter type="INSTRUCTION" missed="10" covered="76"/><counter type="BRANCH" missed="4" covered="20"/><counter type="LINE" missed="4" covered="14"/><counter type="COMPLEXITY" missed="5" covered="9"/><counter type="METHOD" missed="1" covered="1"/><counter type="CLASS" missed="0" covered="1"/></package><counter type="INSTRUCTION" missed="10" covered="76"/><counter type="BRANCH" missed="4" covered="20"/><counter type="LINE" missed="4" covered="14"/><counter type="COMPLEXITY" missed="5" covered="9"/><counter type="METHOD" missed="1" covered="1"/><counter type="CLASS" missed="0" covered="1"/></report>